./data/aazzaa_040223/aazzaa_040223.za 2023-02-04 12:42:09 1
./data/aazzaa_040223/aazzaaa_040223.za 2023-02-04 12:42:09 1
./data/aazzaa_040223/aazzaaaa_040223.za 2023-02-04 12:42:09 1
./data/aazzaa_040223/aazzaaaaa_040223.za 2023-02-04 12:42:09 1
./data/aazzaa_040223/aazzaaaaaa_040223.za 2023-02-04 12:42:09 1
./data/aazzaa_040223/aazzaaaaaaa_040223.za 2023-02-04 12:42:09 1
./data/aazzaa_040223/aazzaaaaaaaa_040223.za 2023-02-04 12:42:09 1
./data/aazzaa_040223/aazzaaaaaaaaa_040223.za 2023-02-04 12:42:10 1
./data/aazzaa_040223/aazzaaaaaaaaaa_040223.za 2023-02-04 12:42:10 1
./data/aazzaa_040223/aazzaaaaaaaaaaa_040223.za 2023-02-04 12:42:10 1
./data/aazzaaa_040223/aazzaa_040223.za 2023-02-04 12:42:10 1
./data/aazzaaa_040223/aazzaaa_040223.za 2023-02-04 12:42:10 1
./data/aazzaaa_040223/aazzaaaa_040223.za 2023-02-04 12:42:10 1
./data/aazzaaa_040223/aazzaaaaa_040223.za 2023-02-04 12:42:10 1
./data/aazzaaa_040223/aazzaaaaaa_040223.za 2023-02-04 12:42:10 1
./data/aazzaaa_040223/aazzaaaaaaa_040223.za 2023-02-04 12:42:10 1
./data/aazzaaa_040223/aazzaaaaaaaa_040223.za 2023-02-04 12:42:10 1
./data/aazzaaa_040223/aazzaaaaaaaaa_040223.za 2023-02-04 12:42:10 1
./data/aazzaaa_040223/aazzaaaaaaaaaa_040223.za 2023-02-04 12:42:10 1
./data/aazzaaa_040223/aazzaaaaaaaaaaa_040223.za 2023-02-04 12:42:10 1
./data/aazzaaaa_040223/aazzaa_040223.za 2023-02-04 12:42:10 1
./data/aazzaaaa_040223/aazzaaa_040223.za 2023-02-04 12:42:10 1
./data/aazzaaaa_040223/aazzaaaa_040223.za 2023-02-04 12:42:10 1
./data/aazzaaaa_040223/aazzaaaaa_040223.za 2023-02-04 12:42:10 1
./data/aazzaaaa_040223/aazzaaaaaa_040223.za 2023-02-04 12:42:10 1
./data/aazzaaaa_040223/aazzaaaaaaa_040223.za 2023-02-04 12:42:10 1
./data/aazzaaaa_040223/aazzaaaaaaaa_040223.za 2023-02-04 12:42:10 1
./data/aazzaaaa_040223/aazzaaaaaaaaa_040223.za 2023-02-04 12:42:10 1
./data/aazzaaaa_040223/aazzaaaaaaaaaa_040223.za 2023-02-04 12:42:10 1
./data/aazzaaaa_040223/aazzaaaaaaaaaaa_040223.za 2023-02-04 12:42:10 1
./data/aazzaaaaa_040223/aazzaa_040223.za 2023-02-04 12:42:10 1
./data/aazzaaaaa_040223/aazzaaa_040223.za 2023-02-04 12:42:10 1
./data/aazzaaaaa_040223/aazzaaaa_040223.za 2023-02-04 12:42:10 1
./data/aazzaaaaa_040223/aazzaaaaa_040223.za 2023-02-04 12:42:10 1
./data/aazzaaaaa_040223/aazzaaaaaa_040223.za 2023-02-04 12:42:10 1
./data/aazzaaaaa_040223/aazzaaaaaaa_040223.za 2023-02-04 12:42:10 1
./data/aazzaaaaa_040223/aazzaaaaaaaa_040223.za 2023-02-04 12:42:10 1
./data/aazzaaaaa_040223/aazzaaaaaaaaa_040223.za 2023-02-04 12:42:11 1
./data/aazzaaaaa_040223/aazzaaaaaaaaaa_040223.za 2023-02-04 12:42:11 1
./data/aazzaaaaa_040223/aazzaaaaaaaaaaa_040223.za 2023-02-04 12:42:11 1
./data/aazzaaaaaa_040223/aazzaa_040223.za 2023-02-04 12:42:11 1
./data/aazzaaaaaa_040223/aazzaaa_040223.za 2023-02-04 12:42:11 1
./data/aazzaaaaaa_040223/aazzaaaa_040223.za 2023-02-04 12:42:11 1
./data/aazzaaaaaa_040223/aazzaaaaa_040223.za 2023-02-04 12:42:11 1
./data/aazzaaaaaa_040223/aazzaaaaaa_040223.za 2023-02-04 12:42:11 1
./data/aazzaaaaaa_040223/aazzaaaaaaa_040223.za 2023-02-04 12:42:11 1
./data/aazzaaaaaa_040223/aazzaaaaaaaa_040223.za 2023-02-04 12:42:11 1
./data/aazzaaaaaa_040223/aazzaaaaaaaaa_040223.za 2023-02-04 12:42:11 1
./data/aazzaaaaaa_040223/aazzaaaaaaaaaa_040223.za 2023-02-04 12:42:11 1
./data/aazzaaaaaa_040223/aazzaaaaaaaaaaa_040223.za 2023-02-04 12:42:11 1
./data/aazzaaaaaaa_040223/aazzaa_040223.za 2023-02-04 12:42:11 1
./data/aazzaaaaaaa_040223/aazzaaa_040223.za 2023-02-04 12:42:11 1
./data/aazzaaaaaaa_040223/aazzaaaa_040223.za 2023-02-04 12:42:11 1
./data/aazzaaaaaaa_040223/aazzaaaaa_040223.za 2023-02-04 12:42:11 1
./data/aazzaaaaaaa_040223/aazzaaaaaa_040223.za 2023-02-04 12:42:11 1
./data/aazzaaaaaaa_040223/aazzaaaaaaa_040223.za 2023-02-04 12:42:11 1
./data/aazzaaaaaaa_040223/aazzaaaaaaaa_040223.za 2023-02-04 12:42:11 1
./data/aazzaaaaaaa_040223/aazzaaaaaaaaa_040223.za 2023-02-04 12:42:11 1
./data/aazzaaaaaaa_040223/aazzaaaaaaaaaa_040223.za 2023-02-04 12:42:11 1
./data/aazzaaaaaaa_040223/aazzaaaaaaaaaaa_040223.za 2023-02-04 12:42:11 1
./data/aazzaaaaaaaa_040223/aazzaa_040223.za 2023-02-04 12:42:11 1
./data/aazzaaaaaaaa_040223/aazzaaa_040223.za 2023-02-04 12:42:11 1
./data/aazzaaaaaaaa_040223/aazzaaaa_040223.za 2023-02-04 12:42:11 1
./data/aazzaaaaaaaa_040223/aazzaaaaa_040223.za 2023-02-04 12:42:11 1
./data/aazzaaaaaaaa_040223/aazzaaaaaa_040223.za 2023-02-04 12:42:11 1
./data/aazzaaaaaaaa_040223/aazzaaaaaaa_040223.za 2023-02-04 12:42:11 1
./data/aazzaaaaaaaa_040223/aazzaaaaaaaa_040223.za 2023-02-04 12:42:11 1
./data/aazzaaaaaaaa_040223/aazzaaaaaaaaa_040223.za 2023-02-04 12:42:11 1
./data/aazzaaaaaaaa_040223/aazzaaaaaaaaaa_040223.za 2023-02-04 12:42:11 1
./data/aazzaaaaaaaa_040223/aazzaaaaaaaaaaa_040223.za 2023-02-04 12:42:11 1
./data/aazzaaaaaaaaa_040223/aazzaa_040223.za 2023-02-04 12:42:11 1
./data/aazzaaaaaaaaa_040223/aazzaaa_040223.za 2023-02-04 12:42:11 1
./data/aazzaaaaaaaaa_040223/aazzaaaa_040223.za 2023-02-04 12:42:12 1
./data/aazzaaaaaaaaa_040223/aazzaaaaa_040223.za 2023-02-04 12:42:12 1
./data/aazzaaaaaaaaa_040223/aazzaaaaaa_040223.za 2023-02-04 12:42:12 1
./data/aazzaaaaaaaaa_040223/aazzaaaaaaa_040223.za 2023-02-04 12:42:12 1
./data/aazzaaaaaaaaa_040223/aazzaaaaaaaa_040223.za 2023-02-04 12:42:12 1
./data/aazzaaaaaaaaa_040223/aazzaaaaaaaaa_040223.za 2023-02-04 12:42:12 1
./data/aazzaaaaaaaaa_040223/aazzaaaaaaaaaa_040223.za 2023-02-04 12:42:12 1
./data/aazzaaaaaaaaa_040223/aazzaaaaaaaaaaa_040223.za 2023-02-04 12:42:12 1
./data/aazzaaaaaaaaaa_040223/aazzaa_040223.za 2023-02-04 12:42:12 1
./data/aazzaaaaaaaaaa_040223/aazzaaa_040223.za 2023-02-04 12:42:12 1
./data/aazzaaaaaaaaaa_040223/aazzaaaa_040223.za 2023-02-04 12:42:12 1
./data/aazzaaaaaaaaaa_040223/aazzaaaaa_040223.za 2023-02-04 12:42:12 1
./data/aazzaaaaaaaaaa_040223/aazzaaaaaa_040223.za 2023-02-04 12:42:12 1
./data/aazzaaaaaaaaaa_040223/aazzaaaaaaa_040223.za 2023-02-04 12:42:12 1
./data/aazzaaaaaaaaaa_040223/aazzaaaaaaaa_040223.za 2023-02-04 12:42:12 1
./data/aazzaaaaaaaaaa_040223/aazzaaaaaaaaa_040223.za 2023-02-04 12:42:12 1
./data/aazzaaaaaaaaaa_040223/aazzaaaaaaaaaa_040223.za 2023-02-04 12:42:12 1
./data/aazzaaaaaaaaaa_040223/aazzaaaaaaaaaaa_040223.za 2023-02-04 12:42:12 1
./data/aazzaaaaaaaaaaa_040223/aazzaa_040223.za 2023-02-04 12:42:12 1
./data/aazzaaaaaaaaaaa_040223/aazzaaa_040223.za 2023-02-04 12:42:12 1
./data/aazzaaaaaaaaaaa_040223/aazzaaaa_040223.za 2023-02-04 12:42:12 1
./data/aazzaaaaaaaaaaa_040223/aazzaaaaa_040223.za 2023-02-04 12:42:12 1
./data/aazzaaaaaaaaaaa_040223/aazzaaaaaa_040223.za 2023-02-04 12:42:12 1
./data/aazzaaaaaaaaaaa_040223/aazzaaaaaaa_040223.za 2023-02-04 12:42:12 1
./data/aazzaaaaaaaaaaa_040223/aazzaaaaaaaa_040223.za 2023-02-04 12:42:12 1
./data/aazzaaaaaaaaaaa_040223/aazzaaaaaaaaa_040223.za 2023-02-04 12:42:12 1
./data/aazzaaaaaaaaaaa_040223/aazzaaaaaaaaaa_040223.za 2023-02-04 12:42:12 1
./data/aazzaaaaaaaaaaa_040223/aazzaaaaaaaaaaa_040223.za 2023-02-04 12:42:12 1
Script execution time (in seconds) = 4.298563992 with 10 folders and 100 files
